[     279ms] [INFO] %cDownload the React DevTools for a better development experience: https://react.dev/link/react-devtools font-weight:bold @ http://localhost:3000/_next/static/chunks/node_modules_next_dist_115brz8._.js:2431
[     335ms] [LOG] [HMR] connected @ http://localhost:3000/_next/static/chunks/node_modules_next_dist_115brz8._.js:2431
[     363ms] [ERROR] Failed to load resource: the server responded with a status of 404 (Not Found) @ http://localhost:3000/favicon.ico:0
[     519ms] [WARNING] Failed to decode downloaded font: http://localhost:3000/fonts/CalSans-SemiBold.woff2 @ http://localhost:3000/:0
[     519ms] [WARNING] OTS parsing error: invalid sfntVersion: 168430090 @ http://localhost:3000/:0
[   20253ms] [VERBOSE] [DOM] Password field is not contained in a form: (More info: https://goo.gl/9p2vKq) %o @ http://localhost:3000/:0
[   20253ms] [VERBOSE] [DOM] Password field is not contained in a form: (More info: https://goo.gl/9p2vKq) %o @ http://localhost:3000/:0
[   51551ms] [VERBOSE] [DOM] Password field is not contained in a form: (More info: https://goo.gl/9p2vKq) %o @ http://localhost:3000/:0
[   82431ms] [VERBOSE] [DOM] Password field is not contained in a form: (More info: https://goo.gl/9p2vKq) %o @ http://localhost:3000/:0
[   82431ms] [VERBOSE] [DOM] Password field is not contained in a form: (More info: https://goo.gl/9p2vKq) %o @ http://localhost:3000/:0
[  245747ms] [LOG] [Fast Refresh] rebuilding @ http://localhost:3000/_next/static/chunks/node_modules_next_dist_115brz8._.js:2431
[  245891ms] [LOG] [Fast Refresh] done in 179ms @ http://localhost:3000/_next/static/chunks/node_modules_next_dist_115brz8._.js:2431
[  245894ms] [WARNING] Failed to decode downloaded font: http://localhost:3000/fonts/CalSans-SemiBold.woff2 @ http://localhost:3000/:0
[  245894ms] [WARNING] OTS parsing error: invalid sfntVersion: 168430090 @ http://localhost:3000/:0
[  245924ms] [WARNING] Failed to decode downloaded font: http://localhost:3000/fonts/CalSans-SemiBold.woff2 @ http://localhost:3000/:0
[  245924ms] [WARNING] OTS parsing error: invalid sfntVersion: 168430090 @ http://localhost:3000/:0
[  245924ms] [WARNING] Failed to decode downloaded font: http://localhost:3000/fonts/CalSans-SemiBold.woff2 @ http://localhost:3000/:0
[  245924ms] [WARNING] OTS parsing error: invalid sfntVersion: 168430090 @ http://localhost:3000/:0
[  375544ms] [LOG] [Fast Refresh] rebuilding @ http://localhost:3000/_next/static/chunks/node_modules_next_dist_115brz8._.js:2431
[  375563ms] [LOG] [Fast Refresh] done in 110ms @ http://localhost:3000/_next/static/chunks/node_modules_next_dist_115brz8._.js:2431
[  375578ms] [WARNING] Failed to decode downloaded font: http://localhost:3000/fonts/CalSans-SemiBold.woff2 @ http://localhost:3000/:0
[  375578ms] [WARNING] OTS parsing error: invalid sfntVersion: 168430090 @ http://localhost:3000/:0
[  375638ms] [WARNING] Failed to decode downloaded font: http://localhost:3000/fonts/CalSans-SemiBold.woff2 @ http://localhost:3000/:0
[  375638ms] [WARNING] OTS parsing error: invalid sfntVersion: 168430090 @ http://localhost:3000/:0
[  375638ms] [WARNING] Failed to decode downloaded font: http://localhost:3000/fonts/CalSans-SemiBold.woff2 @ http://localhost:3000/:0
[  375638ms] [WARNING] OTS parsing error: invalid sfntVersion: 168430090 @ http://localhost:3000/:0
[  412099ms] [VERBOSE] [DOM] Password field is not contained in a form: (More info: https://goo.gl/9p2vKq) %o @ http://localhost:3000/:0
[  896990ms] [LOG] [Fast Refresh] rebuilding @ http://localhost:3000/_next/static/chunks/node_modules_next_dist_115brz8._.js:2431
[  897135ms] [LOG] [Fast Refresh] done in 229ms @ http://localhost:3000/_next/static/chunks/node_modules_next_dist_115brz8._.js:2431
[  937531ms] [LOG] [Fast Refresh] rebuilding @ http://localhost:3000/_next/static/chunks/node_modules_next_dist_115brz8._.js:2431
[  937546ms] [LOG] [Fast Refresh] done in 105ms @ http://localhost:3000/_next/static/chunks/node_modules_next_dist_115brz8._.js:2431
[  937651ms] [WARNING] Failed to decode downloaded font: http://localhost:3000/fonts/CalSans-SemiBold.woff2 @ http://localhost:3000/:0
[  937651ms] [WARNING] OTS parsing error: invalid sfntVersion: 168430090 @ http://localhost:3000/:0
[ 1046941ms] [LOG] [Fast Refresh] rebuilding @ http://localhost:3000/_next/static/chunks/node_modules_next_dist_115brz8._.js:2431
[ 1046954ms] [LOG] [Fast Refresh] done in 79ms @ http://localhost:3000/_next/static/chunks/node_modules_next_dist_115brz8._.js:2431
[ 1077559ms] [LOG] [Fast Refresh] rebuilding @ http://localhost:3000/_next/static/chunks/node_modules_next_dist_115brz8._.js:2431
[ 1077572ms] [LOG] [Fast Refresh] done in 64ms @ http://localhost:3000/_next/static/chunks/node_modules_next_dist_115brz8._.js:2431
[ 1506846ms] [ERROR] WebSocket connection to 'ws://localhost:3000/_next/webpack-hmr?id=r89vbTqEUMMaOZMLOewVZ' failed: Error in connection establishment: net::ERR_CONNECTION_REFUSED @ http://localhost:3000/_next/static/chunks/node_modules_next_dist_client_0fhqo1d._.js:13299
[ 1507851ms] [ERROR] WebSocket connection to 'ws://localhost:3000/_next/webpack-hmr?id=r89vbTqEUMMaOZMLOewVZ' failed: Error in connection establishment: net::ERR_CONNECTION_REFUSED @ http://localhost:3000/_next/static/chunks/node_modules_next_dist_client_0fhqo1d._.js:13299
[ 1508860ms] [ERROR] WebSocket connection to 'ws://localhost:3000/_next/webpack-hmr?id=r89vbTqEUMMaOZMLOewVZ' failed: Error in connection establishment: net::ERR_CONNECTION_REFUSED @ http://localhost:3000/_next/static/chunks/node_modules_next_dist_client_0fhqo1d._.js:13299
[ 1509867ms] [ERROR] WebSocket connection to 'ws://localhost:3000/_next/webpack-hmr?id=r89vbTqEUMMaOZMLOewVZ' failed: Error in connection establishment: net::ERR_CONNECTION_REFUSED @ http://localhost:3000/_next/static/chunks/node_modules_next_dist_client_0fhqo1d._.js:13299
[ 1510872ms] [ERROR] WebSocket connection to 'ws://localhost:3000/_next/webpack-hmr?id=r89vbTqEUMMaOZMLOewVZ' failed: Error in connection establishment: net::ERR_CONNECTION_REFUSED @ http://localhost:3000/_next/static/chunks/node_modules_next_dist_client_0fhqo1d._.js:13299
[ 1515880ms] [ERROR] WebSocket connection to 'ws://localhost:3000/_next/webpack-hmr?id=r89vbTqEUMMaOZMLOewVZ' failed: Error in connection establishment: net::ERR_CONNECTION_REFUSED @ http://localhost:3000/_next/static/chunks/node_modules_next_dist_client_0fhqo1d._.js:13299
[ 1520890ms] [ERROR] WebSocket connection to 'ws://localhost:3000/_next/webpack-hmr?id=r89vbTqEUMMaOZMLOewVZ' failed: Error in connection establishment: net::ERR_CONNECTION_REFUSED @ http://localhost:3000/_next/static/chunks/node_modules_next_dist_client_0fhqo1d._.js:13299
[ 1525910ms] [ERROR] WebSocket connection to 'ws://localhost:3000/_next/webpack-hmr?id=r89vbTqEUMMaOZMLOewVZ' failed: Error in connection establishment: net::ERR_CONNECTION_REFUSED @ http://localhost:3000/_next/static/chunks/node_modules_next_dist_client_0fhqo1d._.js:13299
[ 1530947ms] [ERROR] WebSocket connection to 'ws://localhost:3000/_next/webpack-hmr?id=r89vbTqEUMMaOZMLOewVZ' failed: Error in connection establishment: net::ERR_CONNECTION_REFUSED @ http://localhost:3000/_next/static/chunks/node_modules_next_dist_client_0fhqo1d._.js:13299
[ 1536012ms] [ERROR] WebSocket connection to 'ws://localhost:3000/_next/webpack-hmr?id=r89vbTqEUMMaOZMLOewVZ' failed: Error in connection establishment: net::ERR_CONNECTION_REFUSED @ http://localhost:3000/_next/static/chunks/node_modules_next_dist_client_0fhqo1d._.js:13299
[ 1541077ms] [ERROR] WebSocket connection to 'ws://localhost:3000/_next/webpack-hmr?id=r89vbTqEUMMaOZMLOewVZ' failed: Error in connection establishment: net::ERR_CONNECTION_REFUSED @ http://localhost:3000/_next/static/chunks/node_modules_next_dist_client_0fhqo1d._.js:13299
[ 1546168ms] [ERROR] WebSocket connection to 'ws://localhost:3000/_next/webpack-hmr?id=r89vbTqEUMMaOZMLOewVZ' failed: Error in connection establishment: net::ERR_CONNECTION_REFUSED @ http://localhost:3000/_next/static/chunks/node_modules_next_dist_client_0fhqo1d._.js:13299
[ 1552651ms] [WARNING] Failed to decode downloaded font: http://localhost:3000/fonts/CalSans-SemiBold.woff2 @ http://localhost:3000/:6
[ 1552651ms] [WARNING] OTS parsing error: invalid sfntVersion: 168430090 @ http://localhost:3000/:6
[ 1552714ms] [INFO] %cDownload the React DevTools for a better development experience: https://react.dev/link/react-devtools font-weight:bold @ http://localhost:3000/_next/static/chunks/node_modules_next_dist_115brz8._.js:2431
[ 1553104ms] [LOG] [HMR] connected @ http://localhost:3000/_next/static/chunks/node_modules_next_dist_115brz8._.js:2431
[ 1623555ms] [LOG] [Fast Refresh] rebuilding @ http://localhost:3000/_next/static/chunks/node_modules_next_dist_115brz8._.js:2431
[ 1623916ms] [LOG] [Fast Refresh] done in 419ms @ http://localhost:3000/_next/static/chunks/node_modules_next_dist_115brz8._.js:2431
[ 1623995ms] [WARNING] Failed to decode downloaded font: http://localhost:3000/fonts/CalSans-SemiBold.woff2 @ http://localhost:3000/:0
[ 1623995ms] [WARNING] OTS parsing error: invalid sfntVersion: 168430090 @ http://localhost:3000/:0
